Using pre-set license

 COMMAND LINE ARGUMENTS:
/Applications/Unity/Unity.app/Contents/MacOS/Unity
-adb2
-batchMode
-noUpm
-name
AssetImportWorker0
-projectPath
/Users/evangelinelim/Desktop/50.033 Game Design and Dev/Lab 1
-logFile
Logs/AssetImportWorker0.log
-srvPort
63329
Successfully changed project path to: /Users/evangelinelim/Desktop/50.033 Game Design and Dev/Lab 1
/Users/evangelinelim/Desktop/50.033 Game Design and Dev/Lab 1
Using Asset Import Pipeline V2.
Refreshing native plugins compatible for Editor in 52.43 ms, found 2 plugins.
Preloading 0 native plugins for Editor in 0.00 ms.
Initialize engine version: 2020.3.9f1 (108be757e447)
[Subsystems] Discovering subsystems at path /Applications/Unity/Unity.app/Contents/Resources/UnitySubsystems
[Subsystems] Discovering subsystems at path /Users/evangelinelim/Desktop/50.033 Game Design and Dev/Lab 1/Assets
GfxDevice: creating device client; threaded=0
2021-06-03 15:46:52.059 Unity[8784:4882434] Color LCD preferred device: Intel(R) Iris(TM) Plus Graphics (low power)
2021-06-03 15:46:52.059 Unity[8784:4882434] Metal devices available: 1
2021-06-03 15:46:52.059 Unity[8784:4882434] 0: Intel(R) Iris(TM) Plus Graphics (low power)
2021-06-03 15:46:52.060 Unity[8784:4882434] Using device Intel(R) Iris(TM) Plus Graphics (low power)
Initializing Metal device caps: Intel(R) Iris(TM) Plus Graphics
Initialize mono
Mono path[0] = '/Applications/Unity/Unity.app/Contents/Managed'
Mono path[1] = '/Applications/Unity/Unity.app/Contents/MonoBleedingEdge/lib/mono/unityjit'
Mono config path = '/Applications/Unity/Unity.app/Contents/MonoBleedingEdge/etc'
Using monoOptions --debugger-agent=transport=dt_socket,embedding=1,server=y,suspend=n,address=127.0.0.1:56784
Begin MonoManager ReloadAssembly
Registering precompiled unity dll's ...
Register platform support module: /Applications/Unity/Unity.app/Contents/PlaybackEngines/MacStandaloneSupport/UnityEditor.OSXStandalone.Extensions.dll
Registered in 0.002328 seconds.
Native extension for OSXStandalone target not found
Refreshing native plugins compatible for Editor in 74.48 ms, found 2 plugins.
Preloading 0 native plugins for Editor in 0.00 ms.
Mono: successfully reloaded assembly
- Completed reload, in  3.735 seconds
Platform modules already initialized, skipping
Registering precompiled user dll's ...
Registered in 0.001652 seconds.
Begin MonoManager ReloadAssembly
Native extension for OSXStandalone target not found
Refreshing native plugins compatible for Editor in 37.51 ms, found 2 plugins.
Preloading 0 native plugins for Editor in 0.00 ms.
Mono: successfully reloaded assembly
- Completed reload, in  1.357 seconds
Platform modules already initialized, skipping
========================================================================
Worker process is ready to serve import requests
Launching external process: /Applications/Unity/Unity.app/Contents/Tools/UnityShaderCompiler
Launched and connected shader compiler UnityShaderCompiler after 0.02 seconds
Refreshing native plugins compatible for Editor in 0.33 ms, found 2 plugins.
Preloading 0 native plugins for Editor in 0.00 ms.
Unloading 1812 Unused Serialized files (Serialized files now loaded: 0)
System memory in use before: 142.3 MB.
System memory in use after: 142.3 MB.

Unloading 24 unused Assets to reduce memory usage. Loaded Objects now: 2255.
Total: 2.359521 ms (FindLiveObjects: 0.243571 ms CreateObjectMapping: 0.078572 ms MarkObjects: 1.825438 ms  DeleteObjects: 0.210502 ms)

========================================================================
Received Import Request.
  path: Assets/Scripts/EnemyController.cs
  artifactKey: Guid(53a4209850ca340098b64e128930a0da) Importer(815301076,1909f56bfc062723c751e8b465ee728b)
Start importing Assets/Scripts/EnemyController.cs using Guid(53a4209850ca340098b64e128930a0da) Importer(815301076,1909f56bfc062723c751e8b465ee728b)  -> (artifact id: '9303b76b6790a13e3984bd570889488d') in 0.505071 seconds
  Import took 0.508776 seconds .

